11:52:34.097 [TestNG-tests-1] INFO  testCases.TC001_AccountRegistrationTest - ***** Starting TC001_AccountRegistrationTest ******
11:52:35.020 [TestNG-tests-1] INFO  testCases.TC001_AccountRegistrationTest - Clicked on MyAccount Link 
11:52:35.918 [TestNG-tests-1] INFO  testCases.TC001_AccountRegistrationTest - Clicked on Register Link 
11:52:35.932 [TestNG-tests-1] INFO  testCases.TC001_AccountRegistrationTest - Providing customer details...
11:52:43.674 [TestNG-tests-1] INFO  testCases.TC001_AccountRegistrationTest - Validating expected message...
11:52:44.362 [TestNG-tests-1] INFO  testCases.TC001_AccountRegistrationTest - ***** Finished TC001_AccountRegistrationTest ******
12:00:06.432 [main] DEBUG org.testng.TestNG - suiteXmlPath: "C:\Users\welcome\eclipse-workspace\Opencart\crossbrowsertesting.xml"
12:00:06.977 [main] INFO  org.testng.internal.Utils - [TestNG] Running:
  C:\Users\welcome\eclipse-workspace\Opencart\crossbrowsertesting.xml

12:00:16.244 [TestNG-tests-1] INFO  testCases.TC001_AccountRegistrationTest - ***** Starting TC001_AccountRegistrationTest ******
12:00:17.200 [TestNG-tests-1] INFO  testCases.TC001_AccountRegistrationTest - Clicked on MyAccount Link 
12:00:18.680 [TestNG-tests-1] INFO  testCases.TC001_AccountRegistrationTest - Clicked on Register Link 
12:00:18.711 [TestNG-tests-1] INFO  testCases.TC001_AccountRegistrationTest - Providing customer details...
12:00:27.354 [TestNG-tests-2] INFO  testCases.TC001_AccountRegistrationTest - ***** Starting TC001_AccountRegistrationTest ******
12:00:27.682 [TestNG-tests-2] INFO  testCases.TC001_AccountRegistrationTest - Clicked on MyAccount Link 
12:00:28.709 [TestNG-tests-2] INFO  testCases.TC001_AccountRegistrationTest - Clicked on Register Link 
12:00:28.711 [TestNG-tests-2] INFO  testCases.TC001_AccountRegistrationTest - Providing customer details...
12:00:28.783 [TestNG-tests-1] INFO  testCases.TC001_AccountRegistrationTest - Validating expected message...
12:00:28.931 [TestNG-tests-1] INFO  testCases.TC001_AccountRegistrationTest - ***** Finished TC001_AccountRegistrationTest ******
12:07:20.827 [main] DEBUG org.testng.TestNG - suiteXmlPath: "C:\Users\welcome\eclipse-workspace\Opencart\crossbrowsertesting.xml"
12:07:21.413 [main] INFO  org.testng.internal.Utils - [TestNG] Running:
  C:\Users\welcome\eclipse-workspace\Opencart\crossbrowsertesting.xml

12:07:26.690 [main] INFO  testCases.TC001_AccountRegistrationTest - ***** Starting TC001_AccountRegistrationTest ******
12:07:27.856 [main] INFO  testCases.TC001_AccountRegistrationTest - Clicked on MyAccount Link 
12:07:28.533 [main] INFO  testCases.TC001_AccountRegistrationTest - Clicked on Register Link 
12:07:28.537 [main] INFO  testCases.TC001_AccountRegistrationTest - Providing customer details...
12:07:30.596 [main] INFO  testCases.TC001_AccountRegistrationTest - Validating expected message...
12:07:30.685 [main] INFO  testCases.TC001_AccountRegistrationTest - ***** Finished TC001_AccountRegistrationTest ******
12:07:39.482 [main] INFO  testCases.TC001_AccountRegistrationTest - ***** Starting TC001_AccountRegistrationTest ******
12:07:39.693 [main] INFO  testCases.TC001_AccountRegistrationTest - Clicked on MyAccount Link 
12:07:40.189 [main] INFO  testCases.TC001_AccountRegistrationTest - Clicked on Register Link 
12:07:40.190 [main] INFO  testCases.TC001_AccountRegistrationTest - Providing customer details...
12:07:42.517 [main] INFO  testCases.TC001_AccountRegistrationTest - Validating expected message...
12:07:42.595 [main] INFO  testCases.TC001_AccountRegistrationTest - ***** Finished TC001_AccountRegistrationTest ******
12:15:11.266 [main] DEBUG org.testng.TestNG - suiteXmlPath: "C:\Users\welcome\eclipse-workspace\Opencart\master.xml"
12:15:11.876 [main] INFO  org.testng.internal.Utils - [TestNG] Running:
  C:\Users\welcome\eclipse-workspace\Opencart\master.xml

18:56:13.515 [main] DEBUG org.testng.TestNG - suiteXmlPath: "C:\Users\welcome\eclipse-workspace\Opencart\grid-docker.xml"
18:56:15.074 [main] INFO  org.testng.internal.Utils - [TestNG] Running:
  C:\Users\welcome\eclipse-workspace\Opencart\grid-docker.xml

18:56:15.976 [main] INFO  testCases.TC001_AccountRegistrationTest - ***** Starting TC001_AccountRegistrationTest ******
18:57:38.951 [main] DEBUG org.testng.TestNG - suiteXmlPath: "C:\Users\welcome\eclipse-workspace\Opencart\grid-docker.xml"
18:57:39.638 [main] INFO  org.testng.internal.Utils - [TestNG] Running:
  C:\Users\welcome\eclipse-workspace\Opencart\grid-docker.xml

18:58:20.610 [main] INFO  testCases.TC001_AccountRegistrationTest - ***** Starting TC001_AccountRegistrationTest ******
18:58:21.523 [main] INFO  testCases.TC001_AccountRegistrationTest - Clicked on MyAccount Link 
18:58:22.797 [main] INFO  testCases.TC001_AccountRegistrationTest - Clicked on Register Link 
18:58:22.809 [main] INFO  testCases.TC001_AccountRegistrationTest - Providing customer details...
18:58:25.479 [main] INFO  testCases.TC001_AccountRegistrationTest - Validating expected message...
